# JRE version: Java(TM) SE Runtime Environment (8.0_122-b04) (build 1.8.0_122-ea-b04)
# Java VM: Java HotSpot(TM) 64-Bit Server VM (25.122-b04 mixed mode bsd-amd64 compressed oops)
Heap:
 PSYoungGen      total 654848K, used 619008K [0x0000000795580000, 0x00000007c0000000, 0x00000007c0000000)
  eden space 619008K, 100% used [0x0000000795580000,0x00000007bb200000,0x00000007bb200000)
  from space 35840K, 0% used [0x00000007bdd00000,0x00000007bdd00000,0x00000007c0000000)
  to   space 39936K, 58% used [0x00000007bb200000,0x00000007bc8d56c8,0x00000007bd900000)
 ParOldGen       total 211968K, used 96762K [0x0000000740000000, 0x000000074cf00000, 0x0000000795580000)
  object space 211968K, 45% used [0x0000000740000000,0x0000000745e7e9f0,0x000000074cf00000)
 Metaspace       used 119974K, capacity 125257K, committed 125480K, reserved 1159168K
  class space    used 15193K, capacity 16322K, committed 16432K, reserved 1048576K
GC Heap History (10 events):
Event: 15.935 GC heap after
Heap after GC invocations=12 (full 3):
 PSYoungGen      total 409088K, used 0K [0x0000000795580000, 0x00000007b8000000, 0x00000007c0000000)
  eden space 387072K, 0% used [0x0000000795580000,0x0000000795580000,0x00000007acf80000)
  from space 22016K, 0% used [0x00000007acf80000,0x00000007acf80000,0x00000007ae500000)
  to   space 25600K, 0% used [0x00000007b6700000,0x00000007b6700000,0x00000007b8000000)
 ParOldGen       total 117760K, used 34855K [0x0000000740000000, 0x0000000747300000, 0x0000000795580000)
  object space 117760K, 29% used [0x0000000740000000,0x0000000742209f10,0x0000000747300000)
 Metaspace       used 57313K, capacity 59141K, committed 59160K, reserved 1101824K
  class space    used 7421K, capacity 7839K, committed 7856K, reserved 1048576K
}
Event: 23.187 GC heap before
{Heap before GC invocations=13 (full 3):
 PSYoungGen      total 409088K, used 387072K [0x0000000795580000, 0x00000007b8000000, 0x00000007c0000000)
  eden space 387072K, 100% used [0x0000000795580000,0x00000007acf80000,0x00000007acf80000)
  from space 22016K, 0% used [0x00000007acf80000,0x00000007acf80000,0x00000007ae500000)
  to   space 25600K, 0% used [0x00000007b6700000,0x00000007b6700000,0x00000007b8000000)
 ParOldGen       total 117760K, used 34855K [0x0000000740000000, 0x0000000747300000, 0x0000000795580000)
  object space 117760K, 29% used [0x0000000740000000,0x0000000742209f10,0x0000000747300000)
 Metaspace       used 70094K, capacity 73267K, committed 73520K, reserved 1112064K
  class space    used 9343K, capacity 9969K, committed 10032K, reserved 1048576K
Event: 23.246 GC heap after
Heap after GC invocations=13 (full 3):
 PSYoungGen      total 526336K, used 25581K [0x0000000795580000, 0x00000007b8080000, 0x00000007c0000000)
  eden space 500736K, 0% used [0x0000000795580000,0x0000000795580000,0x00000007b3e80000)
  from space 25600K, 99% used [0x00000007b6700000,0x00000007b7ffb4e0,0x00000007b8000000)
  to   space 33792K, 0% used [0x00000007b3e80000,0x00000007b3e80000,0x00000007b5f80000)
 ParOldGen       total 117760K, used 47059K [0x0000000740000000, 0x0000000747300000, 0x0000000795580000)
  object space 117760K, 39% used [0x0000000740000000,0x0000000742df4cd0,0x0000000747300000)
 Metaspace       used 70094K, capacity 73267K, committed 73520K, reserved 1112064K
  class space    used 9343K, capacity 9969K, committed 10032K, reserved 1048576K
}
Event: 56.071 GC heap before
{Heap before GC invocations=14 (full 3):
 PSYoungGen      total 526336K, used 526317K [0x0000000795580000, 0x00000007b8080000, 0x00000007c0000000)
  eden space 500736K, 100% used [0x0000000795580000,0x00000007b3e80000,0x00000007b3e80000)
  from space 25600K, 99% used [0x00000007b6700000,0x00000007b7ffb4e0,0x00000007b8000000)
  to   space 33792K, 0% used [0x00000007b3e80000,0x00000007b3e80000,0x00000007b5f80000)
 ParOldGen       total 117760K, used 47059K [0x0000000740000000, 0x0000000747300000, 0x0000000795580000)
  object space 117760K, 39% used [0x0000000740000000,0x0000000742df4cd0,0x0000000747300000)
 Metaspace       used 82078K, capacity 85827K, committed 86064K, reserved 1124352K
  class space    used 10816K, capacity 11533K, committed 11568K, reserved 1048576K
Event: 56.352 GC heap after
Heap after GC invocations=14 (full 3):
 PSYoungGen      total 534528K, used 24787K [0x0000000795580000, 0x00000007c0000000, 0x00000007c0000000)
  eden space 500736K, 0% used [0x0000000795580000,0x0000000795580000,0x00000007b3e80000)
  from space 33792K, 73% used [0x00000007b3e80000,0x00000007b56b4ec8,0x00000007b5f80000)
  to   space 35840K, 0% used [0x00000007bdd00000,0x00000007bdd00000,0x00000007c0000000)
 ParOldGen       total 117760K, used 71378K [0x0000000740000000, 0x0000000747300000, 0x0000000795580000)
  object space 117760K, 60% used [0x0000000740000000,0x00000007445b4a00,0x0000000747300000)
 Metaspace       used 82078K, capacity 85827K, committed 86064K, reserved 1124352K
  class space    used 10816K, capacity 11533K, committed 11568K, reserved 1048576K
}
Event: 60.363 GC heap before
{Heap before GC invocations=15 (full 3):
 PSYoungGen      total 534528K, used 112617K [0x0000000795580000, 0x00000007c0000000, 0x00000007c0000000)
  eden space 500736K, 17% used [0x0000000795580000,0x000000079ab45628,0x00000007b3e80000)
  from space 33792K, 73% used [0x00000007b3e80000,0x00000007b56b4ec8,0x00000007b5f80000)
  to   space 35840K, 0% used [0x00000007bdd00000,0x00000007bdd00000,0x00000007c0000000)
 ParOldGen       total 117760K, used 71378K [0x0000000740000000, 0x0000000747300000, 0x0000000795580000)
  object space 117760K, 60% used [0x0000000740000000,0x00000007445b4a00,0x0000000747300000)
 Metaspace       used 94670K, capacity 98389K, committed 98600K, reserved 1134592K
  class space    used 12107K, capacity 12840K, committed 12848K, reserved 1048576K
Event: 60.421 GC heap after
Heap after GC invocations=15 (full 3):
 PSYoungGen      total 654848K, used 32799K [0x0000000795580000, 0x00000007c0000000, 0x00000007c0000000)
  eden space 619008K, 0% used [0x0000000795580000,0x0000000795580000,0x00000007bb200000)
  from space 35840K, 91% used [0x00000007bdd00000,0x00000007bfd07fe0,0x00000007c0000000)
  to   space 39936K, 0% used [0x00000007bb200000,0x00000007bb200000,0x00000007bd900000)
 ParOldGen       total 117760K, used 71386K [0x0000000740000000, 0x0000000747300000, 0x0000000795580000)
  object space 117760K, 60% used [0x0000000740000000,0x00000007445b6a00,0x0000000747300000)
 Metaspace       used 94670K, capacity 98389K, committed 98600K, reserved 1134592K
  class space    used 12107K, capacity 12840K, committed 12848K, reserved 1048576K
}
Event: 60.421 GC heap before
{Heap before GC invocations=16 (full 4):
 PSYoungGen      total 654848K, used 32799K [0x0000000795580000, 0x00000007c0000000, 0x00000007c0000000)
  eden space 619008K, 0% used [0x0000000795580000,0x0000000795580000,0x00000007bb200000)
  from space 35840K, 91% used [0x00000007bdd00000,0x00000007bfd07fe0,0x00000007c0000000)
  to   space 39936K, 0% used [0x00000007bb200000,0x00000007bb200000,0x00000007bd900000)
 ParOldGen       total 117760K, used 71386K [0x0000000740000000, 0x0000000747300000, 0x0000000795580000)
  object space 117760K, 60% used [0x0000000740000000,0x00000007445b6a00,0x0000000747300000)
 Metaspace       used 94670K, capacity 98389K, committed 98600K, reserved 1134592K
  class space    used 12107K, capacity 12840K, committed 12848K, reserved 1048576K
Event: 60.962 GC heap after
Heap after GC invocations=16 (full 4):
 PSYoungGen      total 654848K, used 0K [0x0000000795580000, 0x00000007c0000000, 0x00000007c0000000)
  eden space 619008K, 0% used [0x0000000795580000,0x0000000795580000,0x00000007bb200000)
  from space 35840K, 0% used [0x00000007bdd00000,0x00000007bdd00000,0x00000007c0000000)
  to   space 39936K, 0% used [0x00000007bb200000,0x00000007bb200000,0x00000007bd900000)
 ParOldGen       total 211968K, used 96762K [0x0000000740000000, 0x000000074cf00000, 0x0000000795580000)
  object space 211968K, 45% used [0x0000000740000000,0x0000000745e7e9f0,0x000000074cf00000)
 Metaspace       used 94475K, capacity 97823K, committed 98600K, reserved 1134592K
  class space    used 12045K, capacity 12729K, committed 12848K, reserved 1048576K
}
Event: 134.067 GC heap before
{Heap before GC invocations=17 (full 4):
 PSYoungGen      total 654848K, used 619008K [0x0000000795580000, 0x00000007c0000000, 0x00000007c0000000)
  eden space 619008K, 100% used [0x0000000795580000,0x00000007bb200000,0x00000007bb200000)
  from space 35840K, 0% used [0x00000007bdd00000,0x00000007bdd00000,0x00000007c0000000)
  to   space 39936K, 0% used [0x00000007bb200000,0x00000007bb200000,0x00000007bd900000)
 ParOldGen       total 211968K, used 96762K [0x0000000740000000, 0x000000074cf00000, 0x0000000795580000)
  object space 211968K, 45% used [0x0000000740000000,0x0000000745e7e9f0,0x000000074cf00000)
 Metaspace       used 119974K, capacity 125257K, committed 125480K, reserved 1159168K
  class space    used 15193K, capacity 16322K, committed 16432K, reserved 1048576K

